TN:
SF:src/use-cases/create-feedback-use-case.ts
FN:22,execute
FN:14,CreateFeedbackUseCase
FNF:2
FNH:2
FNDA:4,execute
FNDA:1,CreateFeedbackUseCase
DA:1,1
DA:2,1
DA:3,1
DA:4,1
DA:5,1
DA:6,1
DA:7,1
DA:8,1
DA:9,1
DA:10,1
DA:11,1
DA:12,1
DA:13,1
DA:14,1
DA:15,1
DA:16,1
DA:17,1
DA:18,1
DA:19,1
DA:20,1
DA:21,1
DA:22,1
DA:23,4
DA:24,4
DA:25,4
DA:26,4
DA:27,2
DA:28,4
DA:29,4
DA:30,1
DA:31,1
DA:32,1
DA:33,1
DA:34,1
DA:35,1
DA:36,1
DA:37,1
DA:38,1
DA:39,1
DA:40,1
DA:41,1
DA:42,1
DA:43,1
DA:44,1
DA:45,4
DA:46,4
DA:47,4
DA:48,4
DA:49,1
DA:50,1
DA:51,1
DA:52,1
LF:52
LH:52
BRDA:22,0,0,4
BRDA:25,1,0,1
BRDA:26,2,0,3
BRDA:26,3,0,1
BRDA:27,4,0,2
BRDA:29,5,0,1
BRDA:45,6,0,0
BRDA:49,7,0,1
BRDA:14,8,0,1
BRF:9
BRH:8
end_of_record
